<?xml version="1.0" encoding="UTF-8"?>
<!-- Generated by org.testng.reporters.JUnitReportReporter -->
<testsuite hostname="DESKTOP-C5CGPP8" failures="0" tests="1" name="testCases.TC002_LoginTest" time="3.566" errors="0" timestamp="2025-07-30T17:26:35 IST" skipped="0">
  <testcase classname="testCases.TC002_LoginTest" name="verify_login" time="3.566"/>
</testsuite> <!-- testCases.TC002_LoginTest -->
